Hmm ... looks like a package
Creating pdf output from LaTeX ...
This is pdfTeX, Version 3.1415926-1.40.10 (TeX Live 2009/Debian)
entering extended mode
(./Rd2.tex
LaTeX2e <2009/09/24>
Babel <v3.8l> and hyphenation patterns for english, usenglishmax, dumylang, noh
yphenation, farsi, arabic, croatian, bulgarian, ukrainian, russian, czech, slov
ak, danish, dutch, finnish, french, basque, ngerman, german, german-x-2009-06-1
9, ngerman-x-2009-06-19, ibycus, monogreek, greek, ancientgreek, hungarian, san
skrit, italian, latin, latvian, lithuanian, mongolian2a, mongolian, bokmal, nyn
orsk, romanian, irish, coptic, serbian, turkish, welsh, esperanto, uppersorbian
, estonian, indonesian, interlingua, icelandic, kurmanji, slovenian, polish, po
rtuguese, spanish, galician, catalan, swedish, ukenglish, pinyin, loaded.

(/usr/share/texmf-texlive/tex/latex/base/book.cls
Document Class: book 2007/10/19 v1.4h Standard LaTeX document class
(/usr/share/texmf-texlive/tex/latex/base/bk10.clo))
(/usr/share/R/share/texmf/Rd.sty
(/usr/share/texmf-texlive/tex/latex/base/ifthen.sty)
(/usr/share/texmf-texlive/tex/latex/tools/longtable.sty)
(/usr/share/texmf-texlive/tex/latex/tools/bm.sty)
(/usr/share/texmf-texlive/tex/latex/base/alltt.sty)
(/usr/share/texmf-texlive/tex/latex/tools/verbatim.sty)
(/usr/share/texmf-texlive/tex/latex/ltxmisc/url.sty)
(/usr/share/R/share/texmf/upquote.sty
(/usr/share/texmf-texlive/tex/latex/base/textcomp.sty
(/usr/share/texmf-texlive/tex/latex/base/ts1enc.def))) NOT loading ae
(/usr/share/texmf-texlive/tex/latex/base/fontenc.sty
(/usr/share/texmf-texlive/tex/latex/base/t1enc.def))
(/usr/share/texmf-texlive/tex/latex/psnfss/times.sty) NOT loading lmodern
(/usr/share/texmf-texlive/tex/latex/graphics/color.sty
(/etc/texmf/tex/latex/config/color.cfg)
(/usr/share/texmf-texlive/tex/latex/pdftex-def/pdftex.def))
(/usr/share/texmf-texlive/tex/latex/hyperref/hyperref.sty
(/usr/share/texmf-texlive/tex/latex/graphics/keyval.sty)
(/usr/share/texmf-texlive/tex/generic/oberdiek/ifpdf.sty)
(/usr/share/texmf-texlive/tex/generic/oberdiek/ifvtex.sty)
(/usr/share/texmf-texlive/tex/generic/ifxetex/ifxetex.sty)
(/usr/share/texmf-texlive/tex/latex/oberdiek/hycolor.sty
(/usr/share/texmf-texlive/tex/latex/oberdiek/xcolor-patch.sty))
(/usr/share/texmf-texlive/tex/latex/hyperref/pd1enc.def)
(/usr/share/texmf-texlive/tex/generic/oberdiek/etexcmds.sty
(/usr/share/texmf-texlive/tex/generic/oberdiek/infwarerr.sty))
(/usr/share/texmf-texlive/tex/latex/latexconfig/hyperref.cfg)
(/usr/share/texmf-texlive/tex/latex/oberdiek/kvoptions.sty
(/usr/share/texmf-texlive/tex/generic/oberdiek/kvsetkeys.sty))
Implicit mode ON; LaTeX internals redefined
(/usr/share/texmf-texlive/tex/generic/oberdiek/bitset.sty
(/usr/share/texmf-texlive/tex/generic/oberdiek/intcalc.sty)
(/usr/share/texmf-texlive/tex/generic/oberdiek/bigintcalc.sty
(/usr/share/texmf-texlive/tex/generic/oberdiek/pdftexcmds.sty
(/usr/share/texmf-texlive/tex/generic/oberdiek/ifluatex.sty)
(/usr/share/texmf-texlive/tex/generic/oberdiek/ltxcmds.sty))))
(/usr/share/texmf-texlive/tex/generic/oberdiek/atbegshi.sty))
*hyperref using default driver hpdftex*
(/usr/share/texmf-texlive/tex/latex/hyperref/hpdftex.def)

Package hyperref Warning: Option `hyperindex' has already been used,
(hyperref)                setting the option has no effect on input line 321.


Package hyperref Warning: Option `pagebackref' has already been used,
(hyperref)                setting the option has no effect on input line 321.

) (/usr/share/texmf-texlive/tex/latex/base/makeidx.sty)
(/usr/share/texmf-texlive/tex/latex/base/inputenc.sty
(/usr/share/texmf-texlive/tex/latex/base/latin1.def))
Writing index file Rd2.idx
No file Rd2.aux.
(/usr/share/texmf-texlive/tex/latex/base/ts1cmr.fd)
(/usr/share/texmf-texlive/tex/latex/psnfss/t1ptm.fd)
(/usr/share/texmf/tex/context/base/supp-pdf.mkii
[Loading MPS to PDF converter (version 2006.09.02).]
) (/usr/share/texmf-texlive/tex/latex/hyperref/nameref.sty
(/usr/share/texmf-texlive/tex/latex/oberdiek/refcount.sty))
(/usr/share/texmf-texlive/tex/latex/psnfss/t1pcr.fd)
(/usr/share/texmf-texlive/tex/latex/psnfss/t1phv.fd)
(/usr/share/texmf-texlive/tex/latex/base/latin1.def) [1{/var/lib/texmf/fonts/ma
p/pdftex/updmap/pdftex.map}]
(/usr/share/texmf-texlive/tex/latex/base/latin1.def)
Overfull \hbox (180.78088pt too wide) in paragraph at lines 66--66
 []                       \T1/pcr/m/n/10 exts,            # usually subset of c
("gif", "png", "pdf", "svg", "csv")[] 
[2]
Overfull \hbox (47.58038pt too wide) in paragraph at lines 119--119
 [] \T1/pcr/m/n/9 ## Not run: count <- xem.cleanExportFiles(stub = stub, exts =
 exts, debug = TRUE)[] 
(/usr/share/texmf-texlive/tex/latex/base/latin1.def) [3]
(/usr/share/texmf-texlive/tex/latex/base/latin1.def)
(/usr/share/texmf-texlive/tex/latex/psnfss/ts1pcr.fd)
(/usr/share/texmf-texlive/tex/latex/base/latin1.def) [4] [5]
(/usr/share/texmf-texlive/tex/latex/base/latin1.def) [6]
(/usr/share/texmf-texlive/tex/latex/base/latin1.def) [7]
(/usr/share/texmf-texlive/tex/latex/base/latin1.def) [8] [9]
Overfull \hbox (333.78006pt too wide) in paragraph at lines 555--555
 []  \T1/pcr/m/n/9 ## Not run: xem.plot(tbase, tseries, ylim, grid, title, subt
itle1, subtitle2, units, interval, model, usedsvn, type, exportName = NA)[] 
(/usr/share/texmf-texlive/tex/latex/base/latin1.def) [10]
(/usr/share/texmf-texlive/tex/latex/base/latin1.def) [11] [12]
No file Rd2.ind.
[13] (./Rd2.aux) )
(see the transcript file for additional information){/usr/share/texmf-texlive/f
onts/enc/dvips/base/8r.enc}</usr/share/texmf-texlive/fonts/type1/urw/courier/uc
rr8a.pfb></usr/share/texmf-texlive/fonts/type1/urw/helvetic/uhvr8a.pfb></usr/sh
are/texmf-texlive/fonts/type1/urw/times/utmb8a.pfb></usr/share/texmf-texlive/fo
nts/type1/urw/times/utmr8a.pfb></usr/share/texmf-texlive/fonts/type1/urw/times/
utmr8a.pfb></usr/share/texmf-texlive/fonts/type1/urw/times/utmri8a.pfb>
Output written on Rd2.pdf (13 pages, 108269 bytes).
Transcript written on Rd2.log.
This is makeindex, version 2.15 [TeX Live 2009] (kpathsea + Thai support).
Scanning input file Rd2.idx....done (12 entries accepted, 0 rejected).
Sorting entries....done (38 comparisons).
Generating output file Rd2.ind....done (21 lines written, 0 warnings).
Output written in Rd2.ind.
Transcript written in Rd2.ilg.
This is pdfTeX, Version 3.1415926-1.40.10 (TeX Live 2009/Debian)
entering extended mode
(./Rd2.tex
LaTeX2e <2009/09/24>
Babel <v3.8l> and hyphenation patterns for english, usenglishmax, dumylang, noh
yphenation, farsi, arabic, croatian, bulgarian, ukrainian, russian, czech, slov
ak, danish, dutch, finnish, french, basque, ngerman, german, german-x-2009-06-1
9, ngerman-x-2009-06-19, ibycus, monogreek, greek, ancientgreek, hungarian, san
skrit, italian, latin, latvian, lithuanian, mongolian2a, mongolian, bokmal, nyn
orsk, romanian, irish, coptic, serbian, turkish, welsh, esperanto, uppersorbian
, estonian, indonesian, interlingua, icelandic, kurmanji, slovenian, polish, po
rtuguese, spanish, galician, catalan, swedish, ukenglish, pinyin, loaded.

(/usr/share/texmf-texlive/tex/latex/base/book.cls
Document Class: book 2007/10/19 v1.4h Standard LaTeX document class
(/usr/share/texmf-texlive/tex/latex/base/bk10.clo))
(/usr/share/R/share/texmf/Rd.sty
(/usr/share/texmf-texlive/tex/latex/base/ifthen.sty)
(/usr/share/texmf-texlive/tex/latex/tools/longtable.sty)
(/usr/share/texmf-texlive/tex/latex/tools/bm.sty)
(/usr/share/texmf-texlive/tex/latex/base/alltt.sty)
(/usr/share/texmf-texlive/tex/latex/tools/verbatim.sty)
(/usr/share/texmf-texlive/tex/latex/ltxmisc/url.sty)
(/usr/share/R/share/texmf/upquote.sty
(/usr/share/texmf-texlive/tex/latex/base/textcomp.sty
(/usr/share/texmf-texlive/tex/latex/base/ts1enc.def))) NOT loading ae
(/usr/share/texmf-texlive/tex/latex/base/fontenc.sty
(/usr/share/texmf-texlive/tex/latex/base/t1enc.def))
(/usr/share/texmf-texlive/tex/latex/psnfss/times.sty) NOT loading lmodern
(/usr/share/texmf-texlive/tex/latex/graphics/color.sty
(/etc/texmf/tex/latex/config/color.cfg)
(/usr/share/texmf-texlive/tex/latex/pdftex-def/pdftex.def))
(/usr/share/texmf-texlive/tex/latex/hyperref/hyperref.sty
(/usr/share/texmf-texlive/tex/latex/graphics/keyval.sty)
(/usr/share/texmf-texlive/tex/generic/oberdiek/ifpdf.sty)
(/usr/share/texmf-texlive/tex/generic/oberdiek/ifvtex.sty)
(/usr/share/texmf-texlive/tex/generic/ifxetex/ifxetex.sty)
(/usr/share/texmf-texlive/tex/latex/oberdiek/hycolor.sty
(/usr/share/texmf-texlive/tex/latex/oberdiek/xcolor-patch.sty))
(/usr/share/texmf-texlive/tex/latex/hyperref/pd1enc.def)
(/usr/share/texmf-texlive/tex/generic/oberdiek/etexcmds.sty
(/usr/share/texmf-texlive/tex/generic/oberdiek/infwarerr.sty))
(/usr/share/texmf-texlive/tex/latex/latexconfig/hyperref.cfg)
(/usr/share/texmf-texlive/tex/latex/oberdiek/kvoptions.sty
(/usr/share/texmf-texlive/tex/generic/oberdiek/kvsetkeys.sty))
Implicit mode ON; LaTeX internals redefined
(/usr/share/texmf-texlive/tex/generic/oberdiek/bitset.sty
(/usr/share/texmf-texlive/tex/generic/oberdiek/intcalc.sty)
(/usr/share/texmf-texlive/tex/generic/oberdiek/bigintcalc.sty
(/usr/share/texmf-texlive/tex/generic/oberdiek/pdftexcmds.sty
(/usr/share/texmf-texlive/tex/generic/oberdiek/ifluatex.sty)
(/usr/share/texmf-texlive/tex/generic/oberdiek/ltxcmds.sty))))
(/usr/share/texmf-texlive/tex/generic/oberdiek/atbegshi.sty))
*hyperref using default driver hpdftex*
(/usr/share/texmf-texlive/tex/latex/hyperref/hpdftex.def)

Package hyperref Warning: Option `hyperindex' has already been used,
(hyperref)                setting the option has no effect on input line 321.


Package hyperref Warning: Option `pagebackref' has already been used,
(hyperref)                setting the option has no effect on input line 321.

) (/usr/share/texmf-texlive/tex/latex/base/makeidx.sty)
(/usr/share/texmf-texlive/tex/latex/base/inputenc.sty
(/usr/share/texmf-texlive/tex/latex/base/latin1.def))
Writing index file Rd2.idx
(./Rd2.aux) (/usr/share/texmf-texlive/tex/latex/base/ts1cmr.fd)
(/usr/share/texmf-texlive/tex/latex/psnfss/t1ptm.fd)
(/usr/share/texmf/tex/context/base/supp-pdf.mkii
[Loading MPS to PDF converter (version 2006.09.02).]
) (/usr/share/texmf-texlive/tex/latex/hyperref/nameref.sty
(/usr/share/texmf-texlive/tex/latex/oberdiek/refcount.sty)) (./Rd2.out)
(./Rd2.out) (/usr/share/texmf-texlive/tex/latex/psnfss/t1pcr.fd)
(/usr/share/texmf-texlive/tex/latex/psnfss/t1phv.fd) (./Rd2.toc)
(/usr/share/texmf-texlive/tex/latex/base/latin1.def) [1{/var/lib/texmf/fonts/ma
p/pdftex/updmap/pdftex.map}]
(/usr/share/texmf-texlive/tex/latex/base/latin1.def)
Overfull \hbox (180.78088pt too wide) in paragraph at lines 66--66
 []                       \T1/pcr/m/n/10 exts,            # usually subset of c
("gif", "png", "pdf", "svg", "csv")[] 
[2]
Overfull \hbox (47.58038pt too wide) in paragraph at lines 119--119
 [] \T1/pcr/m/n/9 ## Not run: count <- xem.cleanExportFiles(stub = stub, exts =
 exts, debug = TRUE)[] 
(/usr/share/texmf-texlive/tex/latex/base/latin1.def) [3]
(/usr/share/texmf-texlive/tex/latex/base/latin1.def) [4]
(/usr/share/texmf-texlive/tex/latex/psnfss/ts1pcr.fd)
(/usr/share/texmf-texlive/tex/latex/base/latin1.def) [5]
(/usr/share/texmf-texlive/tex/latex/base/latin1.def) [6]
(/usr/share/texmf-texlive/tex/latex/base/latin1.def) [7]
(/usr/share/texmf-texlive/tex/latex/base/latin1.def) [8] [9]
Overfull \hbox (333.78006pt too wide) in paragraph at lines 555--555
 []  \T1/pcr/m/n/9 ## Not run: xem.plot(tbase, tseries, ylim, grid, title, subt
itle1, subtitle2, units, interval, model, usedsvn, type, exportName = NA)[] 
(/usr/share/texmf-texlive/tex/latex/base/latin1.def) [10]
(/usr/share/texmf-texlive/tex/latex/base/latin1.def) [11] [12] (./Rd2.ind
[13] [14]) (./Rd2.aux) )
(see the transcript file for additional information){/usr/share/texmf-texlive/f
onts/enc/dvips/base/8r.enc}</usr/share/texmf-texlive/fonts/type1/public/amsfont
s/cm/cmsy10.pfb></usr/share/texmf-texlive/fonts/type1/urw/courier/ucrr8a.pfb></
usr/share/texmf-texlive/fonts/type1/urw/courier/ucrro8a.pfb></usr/share/texmf-t
exlive/fonts/type1/urw/helvetic/uhvr8a.pfb></usr/share/texmf-texlive/fonts/type
1/urw/times/utmb8a.pfb></usr/share/texmf-texlive/fonts/type1/urw/times/utmr8a.p
fb></usr/share/texmf-texlive/fonts/type1/urw/times/utmr8a.pfb></usr/share/texmf
-texlive/fonts/type1/urw/times/utmri8a.pfb>
Output written on Rd2.pdf (14 pages, 131510 bytes).
Transcript written on Rd2.log.
This is pdfTeX, Version 3.1415926-1.40.10 (TeX Live 2009/Debian)
entering extended mode
(./Rd2.tex
LaTeX2e <2009/09/24>
Babel <v3.8l> and hyphenation patterns for english, usenglishmax, dumylang, noh
yphenation, farsi, arabic, croatian, bulgarian, ukrainian, russian, czech, slov
ak, danish, dutch, finnish, french, basque, ngerman, german, german-x-2009-06-1
9, ngerman-x-2009-06-19, ibycus, monogreek, greek, ancientgreek, hungarian, san
skrit, italian, latin, latvian, lithuanian, mongolian2a, mongolian, bokmal, nyn
orsk, romanian, irish, coptic, serbian, turkish, welsh, esperanto, uppersorbian
, estonian, indonesian, interlingua, icelandic, kurmanji, slovenian, polish, po
rtuguese, spanish, galician, catalan, swedish, ukenglish, pinyin, loaded.

(/usr/share/texmf-texlive/tex/latex/base/book.cls
Document Class: book 2007/10/19 v1.4h Standard LaTeX document class
(/usr/share/texmf-texlive/tex/latex/base/bk10.clo))
(/usr/share/R/share/texmf/Rd.sty
(/usr/share/texmf-texlive/tex/latex/base/ifthen.sty)
(/usr/share/texmf-texlive/tex/latex/tools/longtable.sty)
(/usr/share/texmf-texlive/tex/latex/tools/bm.sty)
(/usr/share/texmf-texlive/tex/latex/base/alltt.sty)
(/usr/share/texmf-texlive/tex/latex/tools/verbatim.sty)
(/usr/share/texmf-texlive/tex/latex/ltxmisc/url.sty)
(/usr/share/R/share/texmf/upquote.sty
(/usr/share/texmf-texlive/tex/latex/base/textcomp.sty
(/usr/share/texmf-texlive/tex/latex/base/ts1enc.def))) NOT loading ae
(/usr/share/texmf-texlive/tex/latex/base/fontenc.sty
(/usr/share/texmf-texlive/tex/latex/base/t1enc.def))
(/usr/share/texmf-texlive/tex/latex/psnfss/times.sty) NOT loading lmodern
(/usr/share/texmf-texlive/tex/latex/graphics/color.sty
(/etc/texmf/tex/latex/config/color.cfg)
(/usr/share/texmf-texlive/tex/latex/pdftex-def/pdftex.def))
(/usr/share/texmf-texlive/tex/latex/hyperref/hyperref.sty
(/usr/share/texmf-texlive/tex/latex/graphics/keyval.sty)
(/usr/share/texmf-texlive/tex/generic/oberdiek/ifpdf.sty)
(/usr/share/texmf-texlive/tex/generic/oberdiek/ifvtex.sty)
(/usr/share/texmf-texlive/tex/generic/ifxetex/ifxetex.sty)
(/usr/share/texmf-texlive/tex/latex/oberdiek/hycolor.sty
(/usr/share/texmf-texlive/tex/latex/oberdiek/xcolor-patch.sty))
(/usr/share/texmf-texlive/tex/latex/hyperref/pd1enc.def)
(/usr/share/texmf-texlive/tex/generic/oberdiek/etexcmds.sty
(/usr/share/texmf-texlive/tex/generic/oberdiek/infwarerr.sty))
(/usr/share/texmf-texlive/tex/latex/latexconfig/hyperref.cfg)
(/usr/share/texmf-texlive/tex/latex/oberdiek/kvoptions.sty
(/usr/share/texmf-texlive/tex/generic/oberdiek/kvsetkeys.sty))
Implicit mode ON; LaTeX internals redefined
(/usr/share/texmf-texlive/tex/generic/oberdiek/bitset.sty
(/usr/share/texmf-texlive/tex/generic/oberdiek/intcalc.sty)
(/usr/share/texmf-texlive/tex/generic/oberdiek/bigintcalc.sty
(/usr/share/texmf-texlive/tex/generic/oberdiek/pdftexcmds.sty
(/usr/share/texmf-texlive/tex/generic/oberdiek/ifluatex.sty)
(/usr/share/texmf-texlive/tex/generic/oberdiek/ltxcmds.sty))))
(/usr/share/texmf-texlive/tex/generic/oberdiek/atbegshi.sty))
*hyperref using default driver hpdftex*
(/usr/share/texmf-texlive/tex/latex/hyperref/hpdftex.def)

Package hyperref Warning: Option `hyperindex' has already been used,
(hyperref)                setting the option has no effect on input line 321.


Package hyperref Warning: Option `pagebackref' has already been used,
(hyperref)                setting the option has no effect on input line 321.

) (/usr/share/texmf-texlive/tex/latex/base/makeidx.sty)
(/usr/share/texmf-texlive/tex/latex/base/inputenc.sty
(/usr/share/texmf-texlive/tex/latex/base/latin1.def))
Writing index file Rd2.idx
(./Rd2.aux) (/usr/share/texmf-texlive/tex/latex/base/ts1cmr.fd)
(/usr/share/texmf-texlive/tex/latex/psnfss/t1ptm.fd)
(/usr/share/texmf/tex/context/base/supp-pdf.mkii
[Loading MPS to PDF converter (version 2006.09.02).]
) (/usr/share/texmf-texlive/tex/latex/hyperref/nameref.sty
(/usr/share/texmf-texlive/tex/latex/oberdiek/refcount.sty)) (./Rd2.out)
(./Rd2.out) (/usr/share/texmf-texlive/tex/latex/psnfss/t1pcr.fd)
(/usr/share/texmf-texlive/tex/latex/psnfss/t1phv.fd) (./Rd2.toc)
(/usr/share/texmf-texlive/tex/latex/base/latin1.def) [1{/var/lib/texmf/fonts/ma
p/pdftex/updmap/pdftex.map}]
(/usr/share/texmf-texlive/tex/latex/base/latin1.def)
Overfull \hbox (180.78088pt too wide) in paragraph at lines 66--66
 []                       \T1/pcr/m/n/10 exts,            # usually subset of c
("gif", "png", "pdf", "svg", "csv")[] 
[2]
Overfull \hbox (47.58038pt too wide) in paragraph at lines 119--119
 [] \T1/pcr/m/n/9 ## Not run: count <- xem.cleanExportFiles(stub = stub, exts =
 exts, debug = TRUE)[] 
(/usr/share/texmf-texlive/tex/latex/base/latin1.def) [3]
(/usr/share/texmf-texlive/tex/latex/base/latin1.def) [4]
(/usr/share/texmf-texlive/tex/latex/psnfss/ts1pcr.fd)
(/usr/share/texmf-texlive/tex/latex/base/latin1.def) [5]
(/usr/share/texmf-texlive/tex/latex/base/latin1.def) [6]
(/usr/share/texmf-texlive/tex/latex/base/latin1.def) [7]
(/usr/share/texmf-texlive/tex/latex/base/latin1.def) [8] [9]
Overfull \hbox (333.78006pt too wide) in paragraph at lines 555--555
 []  \T1/pcr/m/n/9 ## Not run: xem.plot(tbase, tseries, ylim, grid, title, subt
itle1, subtitle2, units, interval, model, usedsvn, type, exportName = NA)[] 
(/usr/share/texmf-texlive/tex/latex/base/latin1.def) [10]
(/usr/share/texmf-texlive/tex/latex/base/latin1.def) [11] [12] (./Rd2.ind
[13] [14]) (./Rd2.aux) )
(see the transcript file for additional information){/usr/share/texmf-texlive/f
onts/enc/dvips/base/8r.enc}</usr/share/texmf-texlive/fonts/type1/public/amsfont
s/cm/cmsy10.pfb></usr/share/texmf-texlive/fonts/type1/urw/courier/ucrr8a.pfb></
usr/share/texmf-texlive/fonts/type1/urw/courier/ucrro8a.pfb></usr/share/texmf-t
exlive/fonts/type1/urw/helvetic/uhvr8a.pfb></usr/share/texmf-texlive/fonts/type
1/urw/times/utmb8a.pfb></usr/share/texmf-texlive/fonts/type1/urw/times/utmr8a.p
fb></usr/share/texmf-texlive/fonts/type1/urw/times/utmr8a.pfb></usr/share/texmf
-texlive/fonts/type1/urw/times/utmri8a.pfb>
Output written on Rd2.pdf (14 pages, 132609 bytes).
Transcript written on Rd2.log.
Saving output to 'xem-manual.pdf' ...
Done
You may want to clean up by 'rm -rf /tmp/Rd2dvi3014490527'
